<?xml version="1.0" encoding="UTF-8"?>
<!-- Generated by org.testng.reporters.JUnitXMLReporter -->
<testsuite ignored="0" hostname="LAPTOP-GJ29AQRC" failures="1" tests="7" name="Home Page Functional Tests" time="21.44" errors="0" timestamp="2025-07-27T15:39:33 IST">
  <testcase classname="TestCases.HomePageTest" name="verifyLogoIsDisplayed" time="0.047"/>
  <testcase classname="TestCases.HomePageTest" name="getHomeTitleText" time="0.027"/>
  <testcase classname="TestCases.HomePageTest" name="isFilterLabelDisplayed" time="0.021"/>
  <testcase classname="TestCases.HomePageTest" name="verifyProductDetails" time="1.144"/>
  <testcase classname="TestCases.HomePageTest" name="addToCartFromImage" time="10.054"/>
  <testcase classname="TestCases.AddToCartTest" name="testClickCartIcon" time="3.076"/>
  <testcase classname="TestCases.ExtentReportTest" name="verifyLogoTest" time="0.046">
    <failure type="java.lang.AssertionError" message="Logo is not visible on homepage. expected [true] but found [false]">
      <![CDATA[java.lang.AssertionError: Logo is not visible on homepage. expected [true] but found [false]
at TestCases.ExtentReportTest.verifyLogoTest(ExtentReportTest.java:44)
at java.base/java.util.ArrayList.forEach(ArrayList.java:1596)
... Removed 28 stack frames]]>
    </failure>
  </testcase> <!-- verifyLogoTest -->
</testsuite> <!-- Home Page Functional Tests -->
