<?xml version="1.0" encoding="UTF-8"?>
<!-- Generated by org.testng.reporters.JUnitReportReporter -->
<testsuite hostname="LAPTOP-GJ29AQRC" failures="0" tests="5" name="TestCases.HomePageTest" time="11.309" errors="0" timestamp="2025-07-27T22:16:14 IST" skipped="0">
  <testcase classname="TestCases.HomePageTest" name="verifyLogoIsDisplayed" time="0.068"/>
  <testcase classname="TestCases.HomePageTest" name="getHomeTitleText" time="0.031"/>
  <testcase classname="TestCases.HomePageTest" name="isFilterLabelDisplayed" time="0.037"/>
  <testcase classname="TestCases.HomePageTest" name="verifyProductDetails" time="1.134"/>
  <testcase classname="TestCases.HomePageTest" name="addToCartFromImage" time="10.039"/>
</testsuite> <!-- TestCases.HomePageTest -->
